{"/Users/Thomas/dev/miel/lib/declare.js":{"path":"/Users/Thomas/dev/miel/lib/declare.js","s":{"1":1,"2":1,"3":10},"b":{},"f":{"1":10},"fnMap":{"1":{"name":"(anonymous_1)","line":3,"loc":{"start":{"line":3,"column":17},"end":{"line":3,"column":32}}}},"statementMap":{"1":{"start":{"line":1,"column":0},"end":{"line":1,"column":74}},"2":{"start":{"line":3,"column":0},"end":{"line":5,"column":2}},"3":{"start":{"line":4,"column":2},"end":{"line":4,"column":43}}},"branchMap":{}},"/Users/Thomas/dev/miel/lib/wrap.js":{"path":"/Users/Thomas/dev/miel/lib/wrap.js","s":{"1":1,"2":1,"3":1,"4":1,"5":32,"6":32,"7":17,"8":15},"b":{"1":[17,15]},"f":{"1":32},"fnMap":{"1":{"name":"wrap","line":8,"loc":{"start":{"line":8,"column":17},"end":{"line":8,"column":38}}}},"statementMap":{"1":{"start":{"line":1,"column":0},"end":{"line":1,"column":26}},"2":{"start":{"line":2,"column":0},"end":{"line":2,"column":19}},"3":{"start":{"line":3,"column":0},"end":{"line":6,"column":60}},"4":{"start":{"line":8,"column":0},"end":{"line":12,"column":1}},"5":{"start":{"line":9,"column":2},"end":{"line":9,"column":53}},"6":{"start":{"line":10,"column":2},"end":{"line":10,"column":35}},"7":{"start":{"line":10,"column":23},"end":{"line":10,"column":35}},"8":{"start":{"line":11,"column":2},"end":{"line":11,"column":22}}},"branchMap":{"1":{"line":10,"type":"if","locations":[{"start":{"line":10,"column":2},"end":{"line":10,"column":2}},{"start":{"line":10,"column":2},"end":{"line":10,"column":2}}]}}}}